<?xml version="1.0" encoding="UTF-8"?>
<!-- Generated by org.testng.reporters.JUnitReportReporter -->
<testsuite hostname="LAPTOP-P6J60EL2" failures="0" tests="5" name="testCases.TC_003_LoginDDT" time="55.445" errors="0" timestamp="2024-06-03T18:10:35 IST" skipped="0">
  <testcase classname="testCases.TC_003_LoginDDT" name="VerifyDDt" time="10.827"/>
  <testcase classname="testCases.TC_003_LoginDDT" name="VerifyDDt" time="10.851"/>
  <testcase classname="testCases.TC_003_LoginDDT" name="VerifyDDt" time="11.754"/>
  <testcase classname="testCases.TC_003_LoginDDT" name="VerifyDDt" time="10.969"/>
  <testcase classname="testCases.TC_003_LoginDDT" name="VerifyDDt" time="11.044"/>
</testsuite> <!-- testCases.TC_003_LoginDDT -->
