<?xml version="1.0" encoding="UTF-8"?>
<!-- Generated by org.testng.reporters.JUnitReportReporter -->
<testsuite hostname="LAPTOP-P6J60EL2" failures="0" tests="1" name="testCases.TC_002_LoginTest" time="1.123" errors="0" timestamp="2024-06-05T10:59:59 IST" skipped="0">
  <testcase classname="testCases.TC_002_LoginTest" name="VerifyLogin" time="1.123"/>
</testsuite> <!-- testCases.TC_002_LoginTest -->
